  [1m[36m (1.2ms)[0m  [1mCREATE TABLE "schema_migrations" ("version" varchar NOT NULL) [0m
  [1m[35m (0.0ms)[0m  select sqlite_version(*)
  [1m[36m (1.0ms)[0m  [1mCREATE UNIQUE INDEX "unique_schema_migrations" ON "schema_migrations" ("version")[0m
  [1m[35mActiveRecord::SchemaMigration Load (0.1ms)[0m  SELECT "schema_migrations".* FROM "schema_migrations"
  [1m[36mActiveRecord::SchemaMigration Load (0.1ms)[0m  [1mSELECT "schema_migrations".* FROM "schema_migrations"[0m
Migrating to CreatePosts (20151230232412)
  [1m[35m (0.1ms)[0m  begin transaction
  [1m[36m (0.4ms)[0m  [1mCREATE TABLE "posts" ("id" INTEGER PRIMARY KEY AUTOINCREMENT NOT NULL, "title" varchar, "description" text, "created_at" datetime NOT NULL, "updated_at" datetime NOT NULL) [0m
  [1m[35mSQL (0.2ms)[0m  INSERT INTO "schema_migrations" ("version") VALUES (?)  [["version", "20151230232412"]]
  [1m[36m (1.3ms)[0m  [1mcommit transaction[0m
  [1m[35mActiveRecord::SchemaMigration Load (0.1ms)[0m  SELECT "schema_migrations".* FROM "schema_migrations"


Started GET "/" for ::1 at 2018-06-29 14:26:13 -0400
  [1m[36mActiveRecord::SchemaMigration Load (0.1ms)[0m  [1mSELECT "schema_migrations".* FROM "schema_migrations"[0m
Processing by Rails::WelcomeController#index as HTML
  Rendered /Users/alexandrahernandez/.rvm/gems/ruby-2.3.3/gems/railties-4.2.10/lib/rails/templates/rails/welcome/index.html.erb (1.5ms)
Completed 200 OK in 21ms (Views: 11.6ms | ActiveRecord: 0.0ms)


Started GET "/posts/2" for ::1 at 2018-06-29 14:26:17 -0400
Processing by PostsController#show as HTML
  Parameters: {"id"=>"2"}
  [1m[35mPost Load (0.2ms)[0m  SELECT  "posts".* FROM "posts" WHERE "posts"."id" = ? LIMIT 1  [["id", 2]]
Completed 404 Not Found in 10ms (ActiveRecord: 0.5ms)

ActiveRecord::RecordNotFound (Couldn't find Post with 'id'=2):
  app/controllers/posts_controller.rb:7:in `show'


  Rendered /Users/alexandrahernandez/.rvm/gems/ruby-2.3.3/gems/actionpack-4.2.10/lib/action_dispatch/middleware/templates/rescues/_source.erb (3.2ms)
  Rendered /Users/alexandrahernandez/.rvm/gems/ruby-2.3.3/gems/actionpack-4.2.10/lib/action_dispatch/middleware/templates/rescues/_trace.html.erb (2.6ms)
  Rendered /Users/alexandrahernandez/.rvm/gems/ruby-2.3.3/gems/actionpack-4.2.10/lib/action_dispatch/middleware/templates/rescues/_request_and_response.html.erb (0.8ms)
  Rendered /Users/alexandrahernandez/.rvm/gems/ruby-2.3.3/gems/actionpack-4.2.10/lib/action_dispatch/middleware/templates/rescues/diagnostics.html.erb within rescues/layout (76.3ms)


Started GET "/posts" for ::1 at 2018-06-29 14:26:22 -0400
Processing by PostsController#index as HTML
  [1m[36mPost Load (0.3ms)[0m  [1mSELECT "posts".* FROM "posts"[0m
  Rendered posts/index.html.erb within layouts/application (1.8ms)
Completed 200 OK in 355ms (Views: 354.1ms | ActiveRecord: 0.3ms)


Started GET "/" for ::1 at 2018-06-29 14:26:46 -0400
Processing by Rails::WelcomeController#index as HTML
  Rendered /Users/alexandrahernandez/.rvm/gems/ruby-2.3.3/gems/railties-4.2.10/lib/rails/templates/rails/welcome/index.html.erb (0.1ms)
Completed 200 OK in 7ms (Views: 6.1ms | ActiveRecord: 0.0ms)


Started GET "/posts" for ::1 at 2018-06-29 14:26:52 -0400
Processing by PostsController#index as HTML
  [1m[35mPost Load (0.2ms)[0m  SELECT "posts".* FROM "posts"
  Rendered posts/index.html.erb within layouts/application (0.7ms)
Completed 200 OK in 25ms (Views: 23.9ms | ActiveRecord: 0.2ms)
  [1m[36mActiveRecord::SchemaMigration Load (0.1ms)[0m  [1mSELECT "schema_migrations".* FROM "schema_migrations"[0m
  [1m[35m (0.0ms)[0m  begin transaction
  [1m[36mSQL (0.5ms)[0m  [1mINSERT INTO "posts" ("title", "description", "created_at", "updated_at") VALUES (?, ?, ?, ?)[0m  [["title", "Too Cool"], ["description", "Too cool 4 U dude!"], ["created_at", "2018-06-29 18:27:19.440623"], ["updated_at", "2018-06-29 18:27:19.440623"]]
  [1m[35m (1.1ms)[0m  commit transaction
  [1m[36m (0.1ms)[0m  [1mbegin transaction[0m
  [1m[35mSQL (0.4ms)[0m  INSERT INTO "posts" ("title", "description", "created_at", "updated_at") VALUES (?, ?, ?, ?)  [["title", "Whoah!"], ["description", "That was just insane!"], ["created_at", "2018-06-29 18:27:19.444130"], ["updated_at", "2018-06-29 18:27:19.444130"]]
  [1m[36m (1.0ms)[0m  [1mcommit transaction[0m


Started GET "/posts" for ::1 at 2018-06-29 14:27:30 -0400
  [1m[36mActiveRecord::SchemaMigration Load (0.1ms)[0m  [1mSELECT "schema_migrations".* FROM "schema_migrations"[0m
Processing by PostsController#index as HTML
  [1m[35mPost Load (0.1ms)[0m  SELECT "posts".* FROM "posts"
  Rendered posts/index.html.erb within layouts/application (4.5ms)
Completed 200 OK in 208ms (Views: 196.7ms | ActiveRecord: 0.4ms)


Started GET "/posts/1" for ::1 at 2018-06-29 14:27:33 -0400
Processing by PostsController#show as HTML
  Parameters: {"id"=>"1"}
  [1m[36mPost Load (0.2ms)[0m  [1mSELECT  "posts".* FROM "posts" WHERE "posts"."id" = ? LIMIT 1[0m  [["id", 1]]
  Rendered posts/show.html.erb within layouts/application (0.4ms)
Completed 200 OK in 30ms (Views: 20.1ms | ActiveRecord: 0.2ms)


Started GET "/posts/2" for ::1 at 2018-06-29 14:27:36 -0400
Processing by PostsController#show as HTML
  Parameters: {"id"=>"2"}
  [1m[35mPost Load (0.1ms)[0m  SELECT  "posts".* FROM "posts" WHERE "posts"."id" = ? LIMIT 1  [["id", 2]]
  Rendered posts/show.html.erb within layouts/application (0.1ms)
Completed 200 OK in 30ms (Views: 28.0ms | ActiveRecord: 0.1ms)
